2017-07-13 11:23:59 - PHP Notice:  Undefined variable: text_information in D:\OpenServer\domains\opencart.loc\catalog\view\theme\apple\template\common\header.tpl on line 89
2017-07-13 11:23:59 - PHP Notice:  Undefined variable: informations in D:\OpenServer\domains\opencart.loc\catalog\view\theme\apple\template\common\header.tpl on line 93
2017-07-13 11:27:53 - PHP Notice:  Undefined variable: text_information in D:\OpenServer\domains\opencart.loc\catalog\view\theme\apple\template\common\header.tpl on line 95
2017-07-13 11:27:53 - PHP Notice:  Undefined variable: informations in D:\OpenServer\domains\opencart.loc\catalog\view\theme\apple\template\common\header.tpl on line 99
2017-07-13 11:31:29 - PHP Notice:  Undefined variable: text_information in D:\OpenServer\domains\opencart.loc\catalog\view\theme\apple\template\common\header.tpl on line 97
2017-07-13 11:31:29 - PHP Notice:  Undefined variable: informations in D:\OpenServer\domains\opencart.loc\catalog\view\theme\apple\template\common\header.tpl on line 101
2017-07-13 11:37:38 - PHP Notice:  Undefined variable: text_information in D:\OpenServer\domains\opencart.loc\catalog\view\theme\apple\template\common\header.tpl on line 97
2017-07-13 11:37:38 - PHP Notice:  Undefined variable: informations in D:\OpenServer\domains\opencart.loc\catalog\view\theme\apple\template\common\header.tpl on line 101
2017-07-13 12:52:53 - PHP Notice:  Undefined variable: text_information in D:\OpenServer\domains\opencart.loc\catalog\view\theme\apple\template\common\header.tpl on line 97
2017-07-13 12:52:53 - PHP Notice:  Undefined variable: informations in D:\OpenServer\domains\opencart.loc\catalog\view\theme\apple\template\common\header.tpl on line 101
2017-07-13 12:53:43 - PHP Notice:  Undefined variable: text_information in D:\OpenServer\domains\opencart.loc\catalog\view\theme\apple\template\common\header.tpl on line 97
2017-07-13 12:53:43 - PHP Notice:  Undefined variable: informations in D:\OpenServer\domains\opencart.loc\catalog\view\theme\apple\template\common\header.tpl on line 101
2017-07-13 12:55:01 - PHP Notice:  Undefined variable: text_information in D:\OpenServer\domains\opencart.loc\catalog\view\theme\apple\template\common\header.tpl on line 97
2017-07-13 12:55:01 - PHP Notice:  Undefined variable: informations in D:\OpenServer\domains\opencart.loc\catalog\view\theme\apple\template\common\header.tpl on line 101
2017-07-13 12:58:52 - PHP Notice:  Undefined variable: text_information in D:\OpenServer\domains\opencart.loc\catalog\view\theme\apple\template\common\header.tpl on line 97
2017-07-13 12:58:52 - PHP Notice:  Undefined variable: informations in D:\OpenServer\domains\opencart.loc\catalog\view\theme\apple\template\common\header.tpl on line 101
2017-07-13 13:09:26 - PHP Notice:  Undefined variable: text_information in D:\OpenServer\domains\opencart.loc\catalog\view\theme\apple\template\common\header.tpl on line 97
2017-07-13 13:09:26 - PHP Notice:  Undefined variable: informations in D:\OpenServer\domains\opencart.loc\catalog\view\theme\apple\template\common\header.tpl on line 101
2017-07-13 13:17:51 - PHP Notice:  Undefined variable: text_information in D:\OpenServer\domains\opencart.loc\catalog\view\theme\apple\template\common\header.tpl on line 97
2017-07-13 13:17:51 - PHP Notice:  Undefined variable: informations in D:\OpenServer\domains\opencart.loc\catalog\view\theme\apple\template\common\header.tpl on line 101
2017-07-13 13:20:41 - PHP Notice:  Undefined variable: text_information in D:\OpenServer\domains\opencart.loc\catalog\view\theme\apple\template\common\header.tpl on line 97
2017-07-13 13:20:41 - PHP Notice:  Undefined variable: informations in D:\OpenServer\domains\opencart.loc\catalog\view\theme\apple\template\common\header.tpl on line 101
2017-07-13 13:20:47 - PHP Notice:  Undefined variable: text_information in D:\OpenServer\domains\opencart.loc\catalog\view\theme\apple\template\common\header.tpl on line 97
2017-07-13 13:20:47 - PHP Notice:  Undefined variable: informations in D:\OpenServer\domains\opencart.loc\catalog\view\theme\apple\template\common\header.tpl on line 101
2017-07-13 13:21:54 - PHP Notice:  Undefined variable: text_information in D:\OpenServer\domains\opencart.loc\catalog\view\theme\apple\template\common\header.tpl on line 97
2017-07-13 13:21:54 - PHP Notice:  Undefined variable: informations in D:\OpenServer\domains\opencart.loc\catalog\view\theme\apple\template\common\header.tpl on line 101
2017-07-13 13:21:58 - PHP Notice:  Undefined variable: text_information in D:\OpenServer\domains\opencart.loc\catalog\view\theme\apple\template\common\header.tpl on line 97
2017-07-13 13:21:58 - PHP Notice:  Undefined variable: informations in D:\OpenServer\domains\opencart.loc\catalog\view\theme\apple\template\common\header.tpl on line 101
2017-07-13 13:23:17 - PHP Notice:  Undefined variable: text_information in D:\OpenServer\domains\opencart.loc\catalog\view\theme\apple\template\common\header.tpl on line 97
2017-07-13 13:23:17 - PHP Notice:  Undefined variable: informations in D:\OpenServer\domains\opencart.loc\catalog\view\theme\apple\template\common\header.tpl on line 101
2017-07-13 13:36:17 - PHP Notice:  Undefined variable: text_information in D:\OpenServer\domains\opencart.loc\catalog\view\theme\apple\template\common\header.tpl on line 97
2017-07-13 13:36:17 - PHP Notice:  Undefined variable: informations in D:\OpenServer\domains\opencart.loc\catalog\view\theme\apple\template\common\header.tpl on line 101
2017-07-13 13:39:37 - PHP Notice:  Undefined variable: text_information in D:\OpenServer\domains\opencart.loc\catalog\view\theme\apple\template\common\header.tpl on line 97
2017-07-13 13:39:37 - PHP Notice:  Undefined variable: informations in D:\OpenServer\domains\opencart.loc\catalog\view\theme\apple\template\common\header.tpl on line 101
2017-07-13 13:43:37 - PHP Notice:  Undefined variable: text_information in D:\OpenServer\domains\opencart.loc\catalog\view\theme\apple\template\common\header.tpl on line 97
2017-07-13 13:43:37 - PHP Notice:  Undefined variable: informations in D:\OpenServer\domains\opencart.loc\catalog\view\theme\apple\template\common\header.tpl on line 101
2017-07-13 13:45:42 - PHP Notice:  Undefined variable: text_information in D:\OpenServer\domains\opencart.loc\catalog\view\theme\apple\template\common\header.tpl on line 97
2017-07-13 13:45:42 - PHP Notice:  Undefined variable: informations in D:\OpenServer\domains\opencart.loc\catalog\view\theme\apple\template\common\header.tpl on line 101
2017-07-13 13:48:24 - PHP Notice:  Undefined variable: text_information in D:\OpenServer\domains\opencart.loc\catalog\view\theme\apple\template\common\header.tpl on line 97
2017-07-13 13:48:24 - PHP Notice:  Undefined variable: informations in D:\OpenServer\domains\opencart.loc\catalog\view\theme\apple\template\common\header.tpl on line 101
2017-07-13 13:50:43 - PHP Notice:  Undefined variable: text_information in D:\OpenServer\domains\opencart.loc\catalog\view\theme\apple\template\common\header.tpl on line 97
2017-07-13 13:50:43 - PHP Notice:  Undefined variable: informations in D:\OpenServer\domains\opencart.loc\catalog\view\theme\apple\template\common\header.tpl on line 101
2017-07-13 13:50:54 - PHP Notice:  Undefined variable: text_information in D:\OpenServer\domains\opencart.loc\catalog\view\theme\apple\template\common\header.tpl on line 97
2017-07-13 13:50:54 - PHP Notice:  Undefined variable: informations in D:\OpenServer\domains\opencart.loc\catalog\view\theme\apple\template\common\header.tpl on line 101
2017-07-13 13:50:57 - PHP Notice:  Undefined variable: text_information in D:\OpenServer\domains\opencart.loc\catalog\view\theme\apple\template\common\header.tpl on line 97
2017-07-13 13:50:57 - PHP Notice:  Undefined variable: informations in D:\OpenServer\domains\opencart.loc\catalog\view\theme\apple\template\common\header.tpl on line 101
2017-07-13 13:55:20 - PHP Notice:  Undefined variable: text_information in D:\OpenServer\domains\opencart.loc\catalog\view\theme\apple\template\common\header.tpl on line 97
2017-07-13 13:55:20 - PHP Notice:  Undefined variable: informations in D:\OpenServer\domains\opencart.loc\catalog\view\theme\apple\template\common\header.tpl on line 101
2017-07-13 14:05:27 - PHP Notice:  Undefined variable: text_information in D:\OpenServer\domains\opencart.loc\catalog\view\theme\apple\template\common\header.tpl on line 97
2017-07-13 14:05:27 - PHP Notice:  Undefined variable: informations in D:\OpenServer\domains\opencart.loc\catalog\view\theme\apple\template\common\header.tpl on line 101
2017-07-13 14:05:28 - PHP Notice:  Undefined variable: text_information in D:\OpenServer\domains\opencart.loc\catalog\view\theme\apple\template\common\header.tpl on line 97
2017-07-13 14:05:28 - PHP Notice:  Undefined variable: informations in D:\OpenServer\domains\opencart.loc\catalog\view\theme\apple\template\common\header.tpl on line 101
2017-07-13 14:27:35 - PHP Notice:  Undefined variable: text_information in D:\OpenServer\domains\opencart.loc\catalog\view\theme\apple\template\common\header.tpl on line 97
2017-07-13 14:27:35 - PHP Notice:  Undefined variable: informations in D:\OpenServer\domains\opencart.loc\catalog\view\theme\apple\template\common\header.tpl on line 101
2017-07-13 14:36:45 - PHP Notice:  Undefined variable: text_information in D:\OpenServer\domains\opencart.loc\catalog\view\theme\apple\template\common\header.tpl on line 97
2017-07-13 14:36:45 - PHP Notice:  Undefined variable: informations in D:\OpenServer\domains\opencart.loc\catalog\view\theme\apple\template\common\header.tpl on line 101
2017-07-13 14:36:57 - PHP Notice:  Undefined variable: text_information in D:\OpenServer\domains\opencart.loc\catalog\view\theme\apple\template\common\header.tpl on line 97
2017-07-13 14:36:57 - PHP Notice:  Undefined variable: informations in D:\OpenServer\domains\opencart.loc\catalog\view\theme\apple\template\common\header.tpl on line 101
2017-07-13 15:58:15 - PHP Notice:  Undefined variable: logo in D:\OpenServer\domains\opencart.loc\catalog\view\theme\apple\template\common\footer.tpl on line 10
2017-07-13 15:58:15 - PHP Notice:  Undefined variable: telephone in D:\OpenServer\domains\opencart.loc\catalog\view\theme\apple\template\common\footer.tpl on line 58
2017-07-13 15:58:15 - PHP Notice:  Undefined variable: email in D:\OpenServer\domains\opencart.loc\catalog\view\theme\apple\template\common\footer.tpl on line 77
2017-07-13 15:58:38 - PHP Notice:  Undefined variable: logo in D:\OpenServer\domains\opencart.loc\catalog\view\theme\apple\template\common\footer.tpl on line 10
2017-07-13 15:58:38 - PHP Notice:  Undefined variable: telephone in D:\OpenServer\domains\opencart.loc\catalog\view\theme\apple\template\common\footer.tpl on line 58
2017-07-13 15:58:38 - PHP Notice:  Undefined variable: email in D:\OpenServer\domains\opencart.loc\catalog\view\theme\apple\template\common\footer.tpl on line 77
2017-07-15 1:07:19 - PHP Notice:  Undefined index: text_warranty in D:\OpenServer\domains\opencart.loc\admin\controller\extension\module\vantage.php on line 182
2017-07-15 1:07:19 - PHP Notice:  Undefined index: icon_warranty in D:\OpenServer\domains\opencart.loc\admin\controller\extension\module\vantage.php on line 190
2017-07-15 1:07:19 - PHP Notice:  Undefined index: text_service in D:\OpenServer\domains\opencart.loc\admin\controller\extension\module\vantage.php on line 198
2017-07-15 1:07:19 - PHP Notice:  Undefined index: icon_service in D:\OpenServer\domains\opencart.loc\admin\controller\extension\module\vantage.php on line 206
2017-07-15 1:07:19 - PHP Notice:  Undefined index: text_price in D:\OpenServer\domains\opencart.loc\admin\controller\extension\module\vantage.php on line 214
2017-07-15 1:07:19 - PHP Notice:  Undefined index: icon_price in D:\OpenServer\domains\opencart.loc\admin\controller\extension\module\vantage.php on line 222
2017-07-15 1:07:19 - PHP Notice:  Undefined index: text_delivery in D:\OpenServer\domains\opencart.loc\admin\controller\extension\module\vantage.php on line 230
2017-07-15 1:07:19 - PHP Notice:  Undefined index: icon_delivery in D:\OpenServer\domains\opencart.loc\admin\controller\extension\module\vantage.php on line 238
2017-07-15 17:12:05 - PHP Notice:  Undefined variable: meta_title in D:\OpenServer\domains\opencart.loc\catalog\view\theme\apple\template\product\category.tpl on line 17
2017-07-15 17:15:18 - PHP Notice:  Undefined variable: meta_title in D:\OpenServer\domains\opencart.loc\catalog\view\theme\apple\template\product\category.tpl on line 17
2017-07-15 17:18:00 - PHP Notice:  Undefined variable: meta_title in D:\OpenServer\domains\opencart.loc\catalog\view\theme\apple\template\product\category.tpl on line 17
2017-07-15 17:20:35 - PHP Notice:  Undefined variable: meta_title in D:\OpenServer\domains\opencart.loc\catalog\view\theme\apple\template\product\category.tpl on line 17
2017-07-15 17:20:49 - PHP Notice:  Undefined variable: meta_title in D:\OpenServer\domains\opencart.loc\catalog\view\theme\apple\template\product\category.tpl on line 17
2017-07-15 17:29:54 - PHP Notice:  Undefined variable: meta_title in D:\OpenServer\domains\opencart.loc\catalog\view\theme\apple\template\product\category.tpl on line 17
2017-07-15 17:30:06 - PHP Notice:  Undefined variable: meta_title in D:\OpenServer\domains\opencart.loc\catalog\view\theme\apple\template\product\category.tpl on line 17
2017-07-15 17:30:08 - PHP Notice:  Undefined variable: meta_title in D:\OpenServer\domains\opencart.loc\catalog\view\theme\apple\template\product\category.tpl on line 17
2017-07-15 17:30:10 - PHP Notice:  Undefined variable: meta_title in D:\OpenServer\domains\opencart.loc\catalog\view\theme\apple\template\product\category.tpl on line 17
2017-07-15 17:37:00 - PHP Notice:  Undefined variable: meta_title in D:\OpenServer\domains\opencart.loc\catalog\view\theme\apple\template\product\category.tpl on line 17
2017-07-15 17:42:13 - PHP Notice:  Undefined variable: meta_title in D:\OpenServer\domains\opencart.loc\catalog\view\theme\apple\template\product\category.tpl on line 17
2017-07-15 17:42:41 - PHP Notice:  Undefined variable: meta_title in D:\OpenServer\domains\opencart.loc\catalog\view\theme\apple\template\product\category.tpl on line 17
